<?xml version="1.0" encoding="UTF-8"?>
<robot generator="Robot 3.0.2 (Python 3.6.3 on darwin)" generated="20171215 12:51:31.574">
<suite id="s1" name="Test If" source="/Users/kuanwei/webapienv/web_api_demo_python/guest/tests/rf_test/test_if.robot">
<test id="s1-t1" name="testget">
<kw name="Create Dictionary" library="BuiltIn">
<doc>Creates and returns a dictionary based on the given ``items``.</doc>
<arguments>
<arg>eid=1</arg>
</arguments>
<assign>
<var>${payload}</var>
</assign>
<msg timestamp="20171215 12:51:31.665" level="INFO">${payload} = {'eid': '1'}</msg>
<status status="PASS" starttime="20171215 12:51:31.664" endtime="20171215 12:51:31.665"></status>
</kw>
<kw name="Create Session" library="RequestsLibrary">
<doc>Create Session: create a HTTP session to a server</doc>
<arguments>
<arg>event</arg>
<arg>http://127.0.0.1:8000/api</arg>
</arguments>
<msg timestamp="20171215 12:51:31.665" level="INFO">Creating Session using : alias=event, url=http://127.0.0.1:8000/api, headers={},                     cookies=None, auth=None, timeout=None, proxies=None, verify=False,                     debug=0 </msg>
<status status="PASS" starttime="20171215 12:51:31.665" endtime="20171215 12:51:31.665"></status>
</kw>
<kw name="Get Request" library="RequestsLibrary">
<doc>Send a GET request on the session object found using the</doc>
<arguments>
<arg>event</arg>
<arg>/get_event_list/</arg>
<arg>params=${payload}</arg>
</arguments>
<assign>
<var>${r}</var>
</assign>
<msg timestamp="20171215 12:51:31.682" level="INFO">Get Request using : alias=event, uri=/get_event_list/, headers=None json=None</msg>
<msg timestamp="20171215 12:51:31.682" level="INFO">${r} = &lt;Response [200]&gt;</msg>
<status status="PASS" starttime="20171215 12:51:31.665" endtime="20171215 12:51:31.682"></status>
</kw>
<kw name="Should Be Equal As Strings" library="BuiltIn">
<doc>Fails if objects are unequal after converting them to strings.</doc>
<arguments>
<arg>${r.status_code}</arg>
<arg>200</arg>
</arguments>
<msg timestamp="20171215 12:51:31.683" level="INFO">Argument types are:
&lt;class 'int'&gt;
&lt;type 'unicode'&gt;</msg>
<status status="PASS" starttime="20171215 12:51:31.682" endtime="20171215 12:51:31.683"></status>
</kw>
<kw name="Log" library="BuiltIn">
<doc>Logs the given message with the given level.</doc>
<arguments>
<arg>${r.json()}</arg>
</arguments>
<msg timestamp="20171215 12:51:31.683" level="INFO">{'status': 200, 'message': 'success', 'data': {'eid': 1, 'name': '小米5發佈會', 'limit': 500, 'status': True, 'address': 'here', 'start_time': '2017-12-12T10:51:00Z'}}</msg>
<status status="PASS" starttime="20171215 12:51:31.683" endtime="20171215 12:51:31.683"></status>
</kw>
<kw name="Set Variable" library="BuiltIn">
<doc>Returns the given values which can then be assigned to a variables.</doc>
<arguments>
<arg>${r.json()}</arg>
</arguments>
<assign>
<var>${dict}</var>
</assign>
<msg timestamp="20171215 12:51:31.684" level="INFO">${dict} = {'status': 200, 'message': 'success', 'data': {'eid': 1, 'name': '小米5發佈會', 'limit': 500, 'status': True, 'address': 'here', 'start_time': '2017-12-12T10:51:00Z'}}</msg>
<status status="PASS" starttime="20171215 12:51:31.683" endtime="20171215 12:51:31.684"></status>
</kw>
<kw name="Get From Dictionary" library="Collections">
<doc>Returns a value from the given ``dictionary`` based on the given ``key``.</doc>
<arguments>
<arg>${dict}</arg>
<arg>message</arg>
</arguments>
<assign>
<var>${msg}</var>
</assign>
<msg timestamp="20171215 12:51:31.684" level="INFO">${msg} = success</msg>
<status status="PASS" starttime="20171215 12:51:31.684" endtime="20171215 12:51:31.684"></status>
</kw>
<kw name="Should Be Equal" library="BuiltIn">
<doc>Fails if the given objects are unequal.</doc>
<arguments>
<arg>${msg}</arg>
<arg>success</arg>
</arguments>
<status status="PASS" starttime="20171215 12:51:31.684" endtime="20171215 12:51:31.684"></status>
</kw>
<kw name="Get From Dictionary" library="Collections">
<doc>Returns a value from the given ``dictionary`` based on the given ``key``.</doc>
<arguments>
<arg>${dict}</arg>
<arg>status</arg>
</arguments>
<assign>
<var>${sta}</var>
</assign>
<msg timestamp="20171215 12:51:31.685" level="INFO">${sta} = 200</msg>
<status status="PASS" starttime="20171215 12:51:31.684" endtime="20171215 12:51:31.685"></status>
</kw>
<kw name="Evaluate" library="BuiltIn">
<doc>Evaluates the given expression in Python and returns the results.</doc>
<arguments>
<arg>int(200)</arg>
</arguments>
<assign>
<var>${status}</var>
</assign>
<msg timestamp="20171215 12:51:31.685" level="INFO">${status} = 200</msg>
<status status="PASS" starttime="20171215 12:51:31.685" endtime="20171215 12:51:31.685"></status>
</kw>
<kw name="Should Be Equal" library="BuiltIn">
<doc>Fails if the given objects are unequal.</doc>
<arguments>
<arg>${sta}</arg>
<arg>${status}</arg>
</arguments>
<status status="PASS" starttime="20171215 12:51:31.685" endtime="20171215 12:51:31.685"></status>
</kw>
<status status="PASS" starttime="20171215 12:51:31.664" endtime="20171215 12:51:31.686" critical="yes"></status>
</test>
<test id="s1-t2" name="testpost">
<kw name="Create Session" library="RequestsLibrary">
<doc>Create Session: create a HTTP session to a server</doc>
<arguments>
<arg>event</arg>
<arg>http://127.0.0.1:8000/api</arg>
</arguments>
<msg timestamp="20171215 12:51:31.686" level="INFO">Creating Session using : alias=event, url=http://127.0.0.1:8000/api, headers={},                     cookies=None, auth=None, timeout=None, proxies=None, verify=False,                     debug=0 </msg>
<status status="PASS" starttime="20171215 12:51:31.686" endtime="20171215 12:51:31.687"></status>
</kw>
<kw name="Create Dictionary" library="BuiltIn">
<doc>Creates and returns a dictionary based on the given ``items``.</doc>
<arguments>
<arg>Content-Type=application/x-www-form-urlencoded</arg>
</arguments>
<assign>
<var>&amp;{headers}</var>
</assign>
<msg timestamp="20171215 12:51:31.687" level="INFO">&amp;{headers} = { Content-Type=application/x-www-form-urlencoded }</msg>
<status status="PASS" starttime="20171215 12:51:31.687" endtime="20171215 12:51:31.687"></status>
</kw>
<kw name="Create Dictionary" library="BuiltIn">
<doc>Creates and returns a dictionary based on the given ``items``.</doc>
<arguments>
<arg>eid=1</arg>
</arguments>
<assign>
<var>&amp;{payload}</var>
</assign>
<msg timestamp="20171215 12:51:31.688" level="INFO">&amp;{payload} = { eid=1 }</msg>
<status status="PASS" starttime="20171215 12:51:31.687" endtime="20171215 12:51:31.688"></status>
</kw>
<kw name="Post Request" library="RequestsLibrary">
<doc>Send a POST request on the session object found using the</doc>
<arguments>
<arg>event</arg>
<arg>/add_event/</arg>
<arg>data=${payload}</arg>
<arg>headers=${headers}</arg>
</arguments>
<assign>
<var>${r}</var>
</assign>
<msg timestamp="20171215 12:51:31.701" level="INFO">Post Request using : alias=event, uri=/add_event/, data=eid=1, headers={'Content-Type': 'application/x-www-form-urlencoded'}, files=None, allow_redirects=True </msg>
<msg timestamp="20171215 12:51:31.701" level="INFO">${r} = &lt;Response [403]&gt;</msg>
<status status="PASS" starttime="20171215 12:51:31.688" endtime="20171215 12:51:31.701"></status>
</kw>
<kw name="Should Be Equal As Strings" library="BuiltIn">
<doc>Fails if objects are unequal after converting them to strings.</doc>
<arguments>
<arg>${r.status_code}</arg>
<arg>200</arg>
</arguments>
<msg timestamp="20171215 12:51:31.702" level="INFO">Argument types are:
&lt;class 'int'&gt;
&lt;type 'unicode'&gt;</msg>
<msg timestamp="20171215 12:51:31.702" level="FAIL">403 != 200</msg>
<status status="FAIL" starttime="20171215 12:51:31.701" endtime="20171215 12:51:31.702"></status>
</kw>
<status status="FAIL" starttime="20171215 12:51:31.686" endtime="20171215 12:51:31.702" critical="yes">403 != 200</status>
</test>
<test id="s1-t3" name="test_user_sign_success">
<kw name="Create Session" library="RequestsLibrary">
<doc>Create Session: create a HTTP session to a server</doc>
<arguments>
<arg>sign</arg>
<arg>http://127.0.0.1:8000/api</arg>
</arguments>
<msg timestamp="20171215 12:51:31.703" level="INFO">Creating Session using : alias=sign, url=http://127.0.0.1:8000/api, headers={},                     cookies=None, auth=None, timeout=None, proxies=None, verify=False,                     debug=0 </msg>
<status status="PASS" starttime="20171215 12:51:31.703" endtime="20171215 12:51:31.703"></status>
</kw>
<kw name="Create Dictionary" library="BuiltIn">
<doc>Creates and returns a dictionary based on the given ``items``.</doc>
<arguments>
<arg>Content-Type=application/x-www-form-urlencoded</arg>
</arguments>
<assign>
<var>&amp;{headers}</var>
</assign>
<msg timestamp="20171215 12:51:31.704" level="INFO">&amp;{headers} = { Content-Type=application/x-www-form-urlencoded }</msg>
<status status="PASS" starttime="20171215 12:51:31.704" endtime="20171215 12:51:31.704"></status>
</kw>
<kw name="Create Dictionary" library="BuiltIn">
<doc>Creates and returns a dictionary based on the given ``items``.</doc>
<arguments>
<arg>eid=1</arg>
<arg>phone=004</arg>
</arguments>
<assign>
<var>&amp;{payload}</var>
</assign>
<msg timestamp="20171215 12:51:31.704" level="INFO">&amp;{payload} = { eid=1 | phone=004 }</msg>
<status status="PASS" starttime="20171215 12:51:31.704" endtime="20171215 12:51:31.704"></status>
</kw>
<kw name="Post Request" library="RequestsLibrary">
<doc>Send a POST request on the session object found using the</doc>
<arguments>
<arg>sign</arg>
<arg>/user_sign/</arg>
<arg>data=${payload}</arg>
<arg>headers=${headers}</arg>
</arguments>
<assign>
<var>${r}</var>
</assign>
<msg timestamp="20171215 12:51:31.724" level="INFO">Post Request using : alias=sign, uri=/user_sign/, data=eid=1&amp;phone=004, headers={'Content-Type': 'application/x-www-form-urlencoded'}, files=None, allow_redirects=True </msg>
<msg timestamp="20171215 12:51:31.724" level="INFO">${r} = &lt;Response [403]&gt;</msg>
<status status="PASS" starttime="20171215 12:51:31.704" endtime="20171215 12:51:31.724"></status>
</kw>
<kw name="Should Be Equal As Strings" library="BuiltIn">
<doc>Fails if objects are unequal after converting them to strings.</doc>
<arguments>
<arg>${r.status_code}</arg>
<arg>200</arg>
</arguments>
<msg timestamp="20171215 12:51:31.725" level="INFO">Argument types are:
&lt;class 'int'&gt;
&lt;type 'unicode'&gt;</msg>
<msg timestamp="20171215 12:51:31.725" level="FAIL">403 != 200</msg>
<status status="FAIL" starttime="20171215 12:51:31.724" endtime="20171215 12:51:31.725"></status>
</kw>
<status status="FAIL" starttime="20171215 12:51:31.702" endtime="20171215 12:51:31.725" critical="yes">403 != 200</status>
</test>
<status status="FAIL" starttime="20171215 12:51:31.582" endtime="20171215 12:51:31.726"></status>
</suite>
<statistics>
<total>
<stat pass="1" fail="2">Critical Tests</stat>
<stat pass="1" fail="2">All Tests</stat>
</total>
<tag>
</tag>
<suite>
<stat pass="1" fail="2" id="s1" name="Test If">Test If</stat>
</suite>
</statistics>
<errors>
</errors>
</robot>
